Watching for file changes with StatReloader
[26/Sep/2019 13:25:22] "GET /emergency/call HTTP/1.1" 200 6423
[26/Sep/2019 13:25:22] "GET / HTTP/1.1" 200 2438
[26/Sep/2019 13:25:23] "GET /static/jquery/popper.min.js HTTP/1.1" 200 21007
[26/Sep/2019 13:25:23] "GET /static/jquery/jquery-3.4.1.min.js HTTP/1.1" 200 88145
[26/Sep/2019 13:25:23] "GET /static/bootstrap/bootstrap.min.js HTTP/1.1" 200 58078
[26/Sep/2019 13:25:23] "GET /static/bootstrap/bootstrap.min.css HTTP/1.1" 200 155764
[26/Sep/2019 13:25:23] "GET /static/jquery.cookie.js HTTP/1.1" 200 2741
[26/Sep/2019 13:25:23] "GET /static/alrm.js HTTP/1.1" 200 2559
[26/Sep/2019 13:25:23] "GET /static/jquery/popper.min.js.map HTTP/1.1" 404 1699
[26/Sep/2019 13:25:23] "GET /static/bootstrap/bootstrap.min.js.map HTTP/1.1" 404 1717
[26/Sep/2019 13:25:23] "GET /static/bootstrap/bootstrap.min.css.map HTTP/1.1" 404 1720
[26/Sep/2019 13:25:23] "GET /emergency/call HTTP/1.1" 200 6423
[26/Sep/2019 13:25:24] "GET /emergency/call HTTP/1.1" 200 6423
[26/Sep/2019 13:25:25] "GET /logout HTTP/1.1" 301 0
[26/Sep/2019 13:25:25] "GET /logout/ HTTP/1.1" 302 0
[26/Sep/2019 13:25:25] "GET /login HTTP/1.1" 301 0
[26/Sep/2019 13:25:25] "GET /login/ HTTP/1.1" 200 2125
[26/Sep/2019 13:25:25] "GET /static/jquery/jquery-3.4.1.min.js HTTP/1.1" 200 88145
[26/Sep/2019 13:25:25] "GET /static/jquery/popper.min.js HTTP/1.1" 200 21007
[26/Sep/2019 13:25:25] "GET /static/bootstrap/bootstrap.min.css HTTP/1.1" 200 155764
[26/Sep/2019 13:25:25] "GET /static/bootstrap/bootstrap.min.js HTTP/1.1" 200 58078
[26/Sep/2019 13:25:25] "GET /static/jquery.cookie.js HTTP/1.1" 200 2741
[26/Sep/2019 13:25:25] "GET /static/alrm.js HTTP/1.1" 200 2559
[26/Sep/2019 13:25:26] "GET /static/jquery/popper.min.js.map HTTP/1.1" 404 1699
[26/Sep/2019 13:25:26] "GET /static/bootstrap/bootstrap.min.js.map HTTP/1.1" 404 1717
[26/Sep/2019 13:25:26] "GET /emergency/call HTTP/1.1" 200 6423
[26/Sep/2019 13:25:26] "GET /static/bootstrap/bootstrap.min.css.map HTTP/1.1" 404 1720
[26/Sep/2019 13:25:26] "GET /emergency/call HTTP/1.1" 200 6423
[26/Sep/2019 13:25:27] "GET /emergency/call HTTP/1.1" 200 6423
[26/Sep/2019 13:25:28] "POST /login/ HTTP/1.1" 302 0
[26/Sep/2019 13:25:28] "GET /navi HTTP/1.1" 301 0
[26/Sep/2019 13:25:28] "GET /navi/ HTTP/1.1" 200 46973
[26/Sep/2019 13:25:28] "GET /static/jquery/popper.min.js HTTP/1.1" 200 21007
[26/Sep/2019 13:25:28] "GET /static/jquery/jquery-3.4.1.min.js HTTP/1.1" 200 88145
[26/Sep/2019 13:25:28] "GET /static/jquery.cookie.js HTTP/1.1" 200 2741
[26/Sep/2019 13:25:28] "GET /static/alrm.js HTTP/1.1" 200 2559
[26/Sep/2019 13:25:28] "GET /static/bootstrap/bootstrap.min.css HTTP/1.1" 200 155764
[26/Sep/2019 13:25:28] "GET /static/bootstrap/bootstrap.min.js HTTP/1.1" 200 58078
[26/Sep/2019 13:25:28] "GET /static/visjs/vis-network.min.css HTTP/1.1" 200 14426
[26/Sep/2019 13:25:28] "GET /static/visjs/vis.js HTTP/1.1" 200 1905962
[26/Sep/2019 13:25:29] "GET /static/jquery/popper.min.js.map HTTP/1.1" 404 1699
[26/Sep/2019 13:25:29] "GET /emergency/call HTTP/1.1" 200 6423
[26/Sep/2019 13:25:29] "GET /static/bootstrap/bootstrap.min.js.map HTTP/1.1" 404 1717
[26/Sep/2019 13:25:29] "GET /static/bootstrap/bootstrap.min.css.map HTTP/1.1" 404 1720
[26/Sep/2019 13:25:29] "GET /emergency/call HTTP/1.1" 200 6423
[26/Sep/2019 13:25:30] "GET /emergency/call HTTP/1.1" 200 6423
[26/Sep/2019 13:25:32] "GET /emergency/call HTTP/1.1" 200 6423
[26/Sep/2019 13:25:32] "GET /emergency HTTP/1.1" 301 0
[26/Sep/2019 13:25:32] "GET /emergency/ HTTP/1.1" 200 15957
[26/Sep/2019 13:25:32] "GET /static/jquery/popper.min.js HTTP/1.1" 200 21007
[26/Sep/2019 13:25:32] "GET /emergency/call HTTP/1.1" 200 6423
[26/Sep/2019 13:25:32] "GET /static/alrm.js HTTP/1.1" 200 2559
[26/Sep/2019 13:25:32] "GET /static/bootstrap/bootstrap.min.css HTTP/1.1" 200 155764
[26/Sep/2019 13:25:32] "GET /static/jquery.cookie.js HTTP/1.1" 200 2741
[26/Sep/2019 13:25:32] "GET /static/jquery/jquery-3.4.1.min.js HTTP/1.1" 200 88145
[26/Sep/2019 13:25:32] "GET /static/bootstrap/bootstrap.min.js HTTP/1.1" 200 58078
[26/Sep/2019 13:25:32] "GET /static/bootstrap/bootstrap.min.js.map HTTP/1.1" 404 1717
[26/Sep/2019 13:25:32] "GET /static/jquery/popper.min.js.map HTTP/1.1" 404 1699
[26/Sep/2019 13:25:32] "GET /emergency/call HTTP/1.1" 200 6423
[26/Sep/2019 13:25:33] "GET /static/images/location1.png HTTP/1.1" 200 2336
[26/Sep/2019 13:25:33] "GET /static/images/map-marker1.png HTTP/1.1" 200 2381
[26/Sep/2019 13:25:33] "GET /static/bootstrap/bootstrap.min.css.map HTTP/1.1" 404 1720
[26/Sep/2019 13:25:33] "GET /emergency/call HTTP/1.1" 200 6423
[26/Sep/2019 13:25:35] "GET /emergency/call HTTP/1.1" 200 6423
[26/Sep/2019 13:25:35] "GET /emergency/call HTTP/1.1" 200 6423
[26/Sep/2019 13:25:36] "GET /emergency/call HTTP/1.1" 200 6423
[26/Sep/2019 13:25:36] "GET /static/images/location1.png HTTP/1.1" 200 2336
[26/Sep/2019 13:25:36] "GET /static/images/location1.png HTTP/1.1" 200 2336
[26/Sep/2019 13:25:36] "GET /emergency/call HTTP/1.1" 200 6423
[26/Sep/2019 13:25:38] "GET /emergency/call HTTP/1.1" 200 6423
[26/Sep/2019 13:25:38] "GET /emergency/call HTTP/1.1" 200 6423
[26/Sep/2019 13:25:39] "GET /emergency/call HTTP/1.1" 200 6423
[26/Sep/2019 13:25:39] "GET /emergency/call HTTP/1.1" 200 6423
[26/Sep/2019 13:25:41] "GET /emergency/call HTTP/1.1" 200 6423
[26/Sep/2019 13:25:41] "GET /emergency/call HTTP/1.1" 200 6423
[26/Sep/2019 13:25:42] "GET /emergency/call HTTP/1.1" 200 6423
[26/Sep/2019 13:25:42] "GET /emergency/call HTTP/1.1" 200 6423
[26/Sep/2019 13:25:44] "GET /emergency/call HTTP/1.1" 200 6423
[26/Sep/2019 13:25:44] "GET /emergency/call HTTP/1.1" 200 6423
[26/Sep/2019 13:25:45] "GET /emergency/call HTTP/1.1" 200 6423
[26/Sep/2019 13:25:45] "GET /emergency/call HTTP/1.1" 200 6423
[26/Sep/2019 13:25:47] "GET /emergency/call HTTP/1.1" 200 6423
[26/Sep/2019 13:25:47] "GET /emergency/call HTTP/1.1" 200 6423
[26/Sep/2019 13:25:48] "GET /emergency/call HTTP/1.1" 200 6423
[26/Sep/2019 13:25:48] "GET /emergency/call HTTP/1.1" 200 6423
[26/Sep/2019 13:25:50] "GET /emergency/call HTTP/1.1" 200 6423
[26/Sep/2019 13:25:50] "GET /emergency/call HTTP/1.1" 200 6423
[26/Sep/2019 13:25:51] "GET /emergency/call HTTP/1.1" 200 6423
[26/Sep/2019 13:25:51] "GET /emergency/call HTTP/1.1" 200 6423
[26/Sep/2019 13:25:53] "GET /emergency/call HTTP/1.1" 200 6423
[26/Sep/2019 13:25:53] "GET /emergency/call HTTP/1.1" 200 6423
[26/Sep/2019 13:25:54] "GET /emergency/call HTTP/1.1" 200 6423
[26/Sep/2019 13:25:54] "GET /emergency/call HTTP/1.1" 200 6423
[26/Sep/2019 13:25:56] "GET /emergency/call HTTP/1.1" 200 6423
[26/Sep/2019 13:25:56] "GET /emergency/call HTTP/1.1" 200 6423
[26/Sep/2019 13:25:57] "GET /emergency/call HTTP/1.1" 200 6423
[26/Sep/2019 13:25:57] "GET /emergency/call HTTP/1.1" 200 6423
[26/Sep/2019 13:25:59] "GET /emergency/call HTTP/1.1" 200 6423
[26/Sep/2019 13:25:59] "GET /emergency/call HTTP/1.1" 200 6423
[26/Sep/2019 13:26:00] "GET /emergency/call HTTP/1.1" 200 6423
[26/Sep/2019 13:26:00] "GET /emergency/call HTTP/1.1" 200 6423
[26/Sep/2019 13:26:02] "GET /emergency/call HTTP/1.1" 200 6423
[26/Sep/2019 13:26:02] "GET /emergency/call HTTP/1.1" 200 6423
[26/Sep/2019 13:26:03] "GET /emergency/call HTTP/1.1" 200 6423
[26/Sep/2019 13:26:03] "GET /emergency/call HTTP/1.1" 200 6423
[26/Sep/2019 13:26:05] "GET /emergency/call HTTP/1.1" 200 6423
[26/Sep/2019 13:26:05] "GET /emergency/call HTTP/1.1" 200 6423
[26/Sep/2019 13:26:06] "GET /emergency/call HTTP/1.1" 200 6423
[26/Sep/2019 13:26:06] "GET /emergency/call HTTP/1.1" 200 6423
[26/Sep/2019 13:26:08] "GET /emergency/call HTTP/1.1" 200 6423
[26/Sep/2019 13:26:08] "GET /emergency/call HTTP/1.1" 200 6423
[26/Sep/2019 13:26:09] "GET /emergency/call HTTP/1.1" 200 6423
[26/Sep/2019 13:26:09] "GET /emergency/call HTTP/1.1" 200 6423
[26/Sep/2019 13:26:11] "GET /emergency/call HTTP/1.1" 200 6423
[26/Sep/2019 13:26:11] "GET /emergency/call HTTP/1.1" 200 6423
[26/Sep/2019 13:26:12] "GET /emergency/call HTTP/1.1" 200 6423
[26/Sep/2019 13:26:12] "GET /emergency/call HTTP/1.1" 200 6423
[26/Sep/2019 13:26:14] "GET /emergency/call HTTP/1.1" 200 6423
[26/Sep/2019 13:26:14] "GET /emergency/call HTTP/1.1" 200 6423
[26/Sep/2019 13:26:15] "GET /emergency/call HTTP/1.1" 200 6423
[26/Sep/2019 13:26:15] "GET /emergency/call HTTP/1.1" 200 6423
[26/Sep/2019 13:26:17] "GET /emergency/call HTTP/1.1" 200 6423
[26/Sep/2019 13:26:17] "GET /emergency/call HTTP/1.1" 200 6423
[26/Sep/2019 13:26:18] "GET /emergency/call HTTP/1.1" 200 6423
[26/Sep/2019 13:26:18] "GET /emergency/call HTTP/1.1" 200 6423
[26/Sep/2019 13:26:20] "GET /emergency/call HTTP/1.1" 200 6423
[26/Sep/2019 13:26:20] "GET /emergency/call HTTP/1.1" 200 6423
[26/Sep/2019 13:26:21] "GET /emergency/call HTTP/1.1" 200 6423
[26/Sep/2019 13:26:21] "GET /emergency/call HTTP/1.1" 200 6423
[26/Sep/2019 13:26:23] "GET /emergency/call HTTP/1.1" 200 6423
[26/Sep/2019 13:26:23] "GET /emergency/call HTTP/1.1" 200 6423
[26/Sep/2019 13:26:24] "GET /emergency/call HTTP/1.1" 200 6423
[26/Sep/2019 13:26:24] "GET /emergency/call HTTP/1.1" 200 6423
[26/Sep/2019 13:26:26] "GET /emergency/call HTTP/1.1" 200 6423
[26/Sep/2019 13:26:26] "GET /emergency/call HTTP/1.1" 200 6423
[26/Sep/2019 13:26:27] "GET /emergency/call HTTP/1.1" 200 6423
[26/Sep/2019 13:26:27] "GET /emergency/call HTTP/1.1" 200 6423
[26/Sep/2019 13:26:29] "GET /emergency/call HTTP/1.1" 200 6423
[26/Sep/2019 13:26:29] "GET /emergency/call HTTP/1.1" 200 6423
[26/Sep/2019 13:26:30] "GET /emergency/call HTTP/1.1" 200 6423
[26/Sep/2019 13:26:30] "GET /emergency/call HTTP/1.1" 200 6423
[26/Sep/2019 13:26:32] "GET /emergency/call HTTP/1.1" 200 6423
[26/Sep/2019 13:26:32] "GET /emergency/call HTTP/1.1" 200 6423
[26/Sep/2019 13:26:33] "GET /emergency/call HTTP/1.1" 200 6423
[26/Sep/2019 13:26:33] "GET /emergency/call HTTP/1.1" 200 6423
[26/Sep/2019 13:26:35] "GET /emergency/call HTTP/1.1" 200 6423
[26/Sep/2019 13:26:35] "GET /emergency/call HTTP/1.1" 200 6423
[26/Sep/2019 13:26:36] "GET /emergency/call HTTP/1.1" 200 6423
[26/Sep/2019 13:26:36] "GET /emergency/call HTTP/1.1" 200 6423
[26/Sep/2019 13:26:38] "GET /emergency/call HTTP/1.1" 200 6423
[26/Sep/2019 13:26:38] "GET /emergency/call HTTP/1.1" 200 6423
[26/Sep/2019 13:26:39] "GET /emergency/call HTTP/1.1" 200 6423
[26/Sep/2019 13:26:39] "GET /emergency/call HTTP/1.1" 200 6423
[26/Sep/2019 13:26:41] "GET /emergency/call HTTP/1.1" 200 6423
[26/Sep/2019 13:26:41] "GET /emergency/call HTTP/1.1" 200 6423
[26/Sep/2019 13:26:42] "GET /emergency/call HTTP/1.1" 200 6423
[26/Sep/2019 13:26:42] "GET /emergency/call HTTP/1.1" 200 6423
[26/Sep/2019 13:26:44] "GET /emergency/call HTTP/1.1" 200 6423
[26/Sep/2019 13:26:44] "GET /emergency/call HTTP/1.1" 200 6423
[26/Sep/2019 13:26:45] "GET /emergency/call HTTP/1.1" 200 6423
[26/Sep/2019 13:26:45] "GET /emergency/call HTTP/1.1" 200 6423
[26/Sep/2019 13:26:47] "GET /emergency/call HTTP/1.1" 200 6423
[26/Sep/2019 13:26:47] "GET /emergency/call HTTP/1.1" 200 6423
[26/Sep/2019 13:26:48] "GET /emergency/call HTTP/1.1" 200 6423
[26/Sep/2019 13:26:48] "GET /emergency/call HTTP/1.1" 200 6423
[26/Sep/2019 13:26:50] "GET /emergency/call HTTP/1.1" 200 6423
[26/Sep/2019 13:26:50] "GET /emergency/call HTTP/1.1" 200 6423
[26/Sep/2019 13:26:51] "GET /emergency/call HTTP/1.1" 200 6423
[26/Sep/2019 13:26:51] "GET /emergency/call HTTP/1.1" 200 6423
[26/Sep/2019 13:26:53] "GET /emergency/call HTTP/1.1" 200 6423
[26/Sep/2019 13:26:53] "GET /emergency/call HTTP/1.1" 200 6423
[26/Sep/2019 13:26:54] "GET /emergency/call HTTP/1.1" 200 6423
[26/Sep/2019 13:26:54] "GET /emergency/call HTTP/1.1" 200 6423
[26/Sep/2019 13:26:56] "GET /emergency/call HTTP/1.1" 200 6423
[26/Sep/2019 13:26:56] "GET /emergency/call HTTP/1.1" 200 6423
[26/Sep/2019 13:26:57] "GET /emergency/call HTTP/1.1" 200 6423
[26/Sep/2019 13:26:57] "GET /emergency/call HTTP/1.1" 200 6423
[26/Sep/2019 13:26:59] "GET /emergency/call HTTP/1.1" 200 6423
[26/Sep/2019 13:26:59] "GET /emergency/call HTTP/1.1" 200 6423
[26/Sep/2019 13:27:00] "GET /emergency/call HTTP/1.1" 200 6423
[26/Sep/2019 13:27:00] "GET /emergency/call HTTP/1.1" 200 6423
[26/Sep/2019 13:27:02] "GET /emergency/call HTTP/1.1" 200 6423
[26/Sep/2019 13:27:02] "GET /emergency/call HTTP/1.1" 200 6423
[26/Sep/2019 13:27:03] "GET /emergency/call HTTP/1.1" 200 6423
[26/Sep/2019 13:27:03] "GET /emergency/call HTTP/1.1" 200 6423
[26/Sep/2019 13:27:05] "GET /emergency/call HTTP/1.1" 200 6423
[26/Sep/2019 13:27:05] "GET /emergency/call HTTP/1.1" 200 6423
[26/Sep/2019 13:27:06] "GET /emergency/call HTTP/1.1" 200 6423
[26/Sep/2019 13:27:06] "GET /emergency/call HTTP/1.1" 200 6423
[26/Sep/2019 13:27:08] "GET /emergency/call HTTP/1.1" 200 6423
[26/Sep/2019 13:27:08] "GET /emergency/call HTTP/1.1" 200 6423
[26/Sep/2019 13:27:09] "GET /emergency/call HTTP/1.1" 200 6423
[26/Sep/2019 13:27:09] "GET /emergency/call HTTP/1.1" 200 6423
[26/Sep/2019 13:27:09] "GET /navi HTTP/1.1" 301 0
[26/Sep/2019 13:27:09] "GET /navi/ HTTP/1.1" 200 46973
[26/Sep/2019 13:27:10] "GET /static/jquery/popper.min.js HTTP/1.1" 200 21007
[26/Sep/2019 13:27:10] "GET /static/jquery/jquery-3.4.1.min.js HTTP/1.1" 200 88145
[26/Sep/2019 13:27:10] "GET /static/bootstrap/bootstrap.min.css HTTP/1.1" 200 155764
[26/Sep/2019 13:27:10] "GET /static/visjs/vis-network.min.css HTTP/1.1" 200 14426
[26/Sep/2019 13:27:10] "GET /static/bootstrap/bootstrap.min.js HTTP/1.1" 200 58078
[26/Sep/2019 13:27:10] "GET /static/jquery.cookie.js HTTP/1.1" 200 2741
[26/Sep/2019 13:27:10] "GET /static/alrm.js HTTP/1.1" 200 2559
[26/Sep/2019 13:27:10] "GET /static/visjs/vis.js HTTP/1.1" 200 1905962
[26/Sep/2019 13:27:10] "GET /emergency/call HTTP/1.1" 200 6423
[26/Sep/2019 13:27:10] "GET /static/jquery/popper.min.js.map HTTP/1.1" 404 1699
[26/Sep/2019 13:27:10] "GET /static/bootstrap/bootstrap.min.js.map HTTP/1.1" 404 1717
[26/Sep/2019 13:27:10] "GET /static/bootstrap/bootstrap.min.css.map HTTP/1.1" 404 1720
[26/Sep/2019 13:27:11] "GET /emergency/call HTTP/1.1" 200 6423
[26/Sep/2019 13:27:12] "GET /emergency/call HTTP/1.1" 200 6423
[26/Sep/2019 13:27:13] "GET /emergency/call HTTP/1.1" 200 6423
[26/Sep/2019 13:27:14] "GET /emergency/call HTTP/1.1" 200 6423
[26/Sep/2019 13:27:15] "GET /emergency/call HTTP/1.1" 200 6423
[26/Sep/2019 13:27:16] "GET /emergency/call HTTP/1.1" 200 6423
[26/Sep/2019 13:27:17] "GET /emergency/call HTTP/1.1" 200 6423
[26/Sep/2019 13:27:18] "GET /emergency/call HTTP/1.1" 200 6423
[26/Sep/2019 13:27:19] "GET /emergency/call HTTP/1.1" 200 6423
[26/Sep/2019 13:27:20] "GET /emergency/call HTTP/1.1" 200 6423
[26/Sep/2019 13:27:21] "GET /emergency/call HTTP/1.1" 200 6423
[26/Sep/2019 13:27:22] "GET /emergency/call HTTP/1.1" 200 6423
[26/Sep/2019 13:27:23] "GET /emergency/call HTTP/1.1" 200 6423
[26/Sep/2019 13:27:24] "GET /emergency/call HTTP/1.1" 200 6423
[26/Sep/2019 13:27:25] "GET /admin/hue/emergencypos/ HTTP/1.1" 200 17797
Traceback (most recent call last):
  File "C:\Users\leehyunil\AppData\Local\Programs\Python\Python37\lib\wsgiref\handlers.py", line 138, in run
    self.finish_response()
  File "C:\Users\leehyunil\AppData\Local\Programs\Python\Python37\lib\wsgiref\handlers.py", line 180, in finish_response
    self.write(data)
  File "C:\Users\leehyunil\AppData\Local\Programs\Python\Python37\lib\wsgiref\handlers.py", line 274, in write
    self.send_headers()
  File "C:\Users\leehyunil\AppData\Local\Programs\Python\Python37\lib\wsgiref\handlers.py", line 332, in send_headers
    self.send_preamble()
  File "C:\Users\leehyunil\AppData\Local\Programs\Python\Python37\lib\wsgiref\handlers.py", line 255, in send_preamble
    ('Date: %s\r\n' % format_date_time(time.time())).encode('iso-8859-1')
  File "C:\Users\leehyunil\AppData\Local\Programs\Python\Python37\lib\wsgiref\handlers.py", line 453, in _write
    result = self.stdout.write(data)
  File "C:\Users\leehyunil\AppData\Local\Programs\Python\Python37\lib\socketserver.py", line 799, in write
    self._sock.sendall(b)
ConnectionAbortedError: [WinError 10053] 현재 연결은 사용자의 호스트 시스템의 소프트웨어의 의해 중단되었습니다
[26/Sep/2019 13:27:25] "GET /admin/hue/emergencypos/ HTTP/1.1" 500 59
----------------------------------------
Exception happened during processing of request from ('127.0.0.1', 3759)
Traceback (most recent call last):
  File "C:\Users\leehyunil\AppData\Local\Programs\Python\Python37\lib\wsgiref\handlers.py", line 138, in run
    self.finish_response()
  File "C:\Users\leehyunil\AppData\Local\Programs\Python\Python37\lib\wsgiref\handlers.py", line 180, in finish_response
    self.write(data)
  File "C:\Users\leehyunil\AppData\Local\Programs\Python\Python37\lib\wsgiref\handlers.py", line 274, in write
    self.send_headers()
  File "C:\Users\leehyunil\AppData\Local\Programs\Python\Python37\lib\wsgiref\handlers.py", line 332, in send_headers
    self.send_preamble()
  File "C:\Users\leehyunil\AppData\Local\Programs\Python\Python37\lib\wsgiref\handlers.py", line 255, in send_preamble
    ('Date: %s\r\n' % format_date_time(time.time())).encode('iso-8859-1')
  File "C:\Users\leehyunil\AppData\Local\Programs\Python\Python37\lib\wsgiref\handlers.py", line 453, in _write
    result = self.stdout.write(data)
  File "C:\Users\leehyunil\AppData\Local\Programs\Python\Python37\lib\socketserver.py", line 799, in write
    self._sock.sendall(b)
ConnectionAbortedError: [WinError 10053] 현재 연결은 사용자의 호스트 시스템의 소프트웨어의 의해 중단되었습니다

During handling of the above exception, another exception occurred:

Traceback (most recent call last):
  File "C:\Users\leehyunil\AppData\Local\Programs\Python\Python37\lib\wsgiref\handlers.py", line 141, in run
    self.handle_error()
  File "C:\Users\leehyunil\AppData\Local\Programs\Python\Python37\lib\site-packages\django\core\servers\basehttp.py", line 116, in handle_error
    super().handle_error()
  File "C:\Users\leehyunil\AppData\Local\Programs\Python\Python37\lib\wsgiref\handlers.py", line 368, in handle_error
    self.finish_response()
  File "C:\Users\leehyunil\AppData\Local\Programs\Python\Python37\lib\wsgiref\handlers.py", line 180, in finish_response
    self.write(data)
  File "C:\Users\leehyunil\AppData\Local\Programs\Python\Python37\lib\wsgiref\handlers.py", line 274, in write
    self.send_headers()
  File "C:\Users\leehyunil\AppData\Local\Programs\Python\Python37\lib\wsgiref\handlers.py", line 331, in send_headers
    if not self.origin_server or self.client_is_modern():
  File "C:\Users\leehyunil\AppData\Local\Programs\Python\Python37\lib\wsgiref\handlers.py", line 344, in client_is_modern
    return self.environ['SERVER_PROTOCOL'].upper() != 'HTTP/0.9'
TypeError: 'NoneType' object is not subscriptable

During handling of the above exception, another exception occurred:

Traceback (most recent call last):
  File "C:\Users\leehyunil\AppData\Local\Programs\Python\Python37\lib\socketserver.py", line 650, in process_request_thread
    self.finish_request(request, client_address)
  File "C:\Users\leehyunil\AppData\Local\Programs\Python\Python37\lib\socketserver.py", line 360, in finish_request
    self.RequestHandlerClass(request, client_address, self)
  File "C:\Users\leehyunil\AppData\Local\Programs\Python\Python37\lib\socketserver.py", line 720, in __init__
    self.handle()
  File "C:\Users\leehyunil\AppData\Local\Programs\Python\Python37\lib\site-packages\django\core\servers\basehttp.py", line 171, in handle
    self.handle_one_request()
  File "C:\Users\leehyunil\AppData\Local\Programs\Python\Python37\lib\site-packages\django\core\servers\basehttp.py", line 194, in handle_one_request
    handler.run(self.server.get_app())
  File "C:\Users\leehyunil\AppData\Local\Programs\Python\Python37\lib\wsgiref\handlers.py", line 144, in run
    self.close()
  File "C:\Users\leehyunil\AppData\Local\Programs\Python\Python37\lib\site-packages\django\core\servers\basehttp.py", line 111, in close
    super().close()
  File "C:\Users\leehyunil\AppData\Local\Programs\Python\Python37\lib\wsgiref\simple_server.py", line 35, in close
    self.status.split(' ',1)[0], self.bytes_sent
AttributeError: 'NoneType' object has no attribute 'split'
----------------------------------------
[26/Sep/2019 13:27:25] "GET /emergency/call HTTP/1.1" 200 6423
[26/Sep/2019 13:27:25] "GET /admin/hue/emergencypos/ HTTP/1.1" 200 17797
[26/Sep/2019 13:27:25] "GET /admin/jsi18n/ HTTP/1.1" 200 8330
[26/Sep/2019 13:27:25] "GET /static/admin/css/changelists.css HTTP/1.1" 200 6170
[26/Sep/2019 13:27:25] "GET /static/admin/css/base.css HTTP/1.1" 200 16378
[26/Sep/2019 13:27:25] "GET /static/admin/css/responsive.css HTTP/1.1" 200 17944
[26/Sep/2019 13:27:25] "GET /static/admin/js/jquery.init.js HTTP/1.1" 200 363
[26/Sep/2019 13:27:25] "GET /static/admin/js/core.js HTTP/1.1" 200 7099
[26/Sep/2019 13:27:25] "GET /static/admin/js/actions.js HTTP/1.1" 200 6766
[26/Sep/2019 13:27:25] "GET /static/admin/js/admin/RelatedObjectLookups.js HTTP/1.1" 200 6918
[26/Sep/2019 13:27:25] "GET /static/admin/css/fonts.css HTTP/1.1" 200 423
[26/Sep/2019 13:27:25] "GET /static/admin/js/prepopulate.js HTTP/1.1" 200 1530
[26/Sep/2019 13:27:25] "GET /static/admin/js/urlify.js HTTP/1.1" 200 8941
[26/Sep/2019 13:27:26] "GET /static/admin/js/vendor/xregexp/xregexp.js HTTP/1.1" 200 128820
[26/Sep/2019 13:27:26] "GET /static/admin/js/vendor/jquery/jquery.js HTTP/1.1" 200 271817
[26/Sep/2019 13:27:26] "GET /static/admin/img/tooltag-add.svg HTTP/1.1" 200 331
[26/Sep/2019 13:27:26] "GET /static/admin/fonts/Roboto-Light-webfont.woff HTTP/1.1" 200 85692
[26/Sep/2019 13:27:26] "GET /static/admin/fonts/Roboto-Regular-webfont.woff HTTP/1.1" 200 85876
[26/Sep/2019 13:27:26] "GET /static/admin/fonts/Roboto-Bold-webfont.woff HTTP/1.1" 200 86184
[26/Sep/2019 13:27:26] "GET /emergency/call HTTP/1.1" 200 6423
[26/Sep/2019 13:27:27] "GET /emergency/call HTTP/1.1" 200 6423
[26/Sep/2019 13:27:28] "GET /emergency/call HTTP/1.1" 200 6423
[26/Sep/2019 13:27:29] "GET /emergency/call HTTP/1.1" 200 6423
[26/Sep/2019 13:27:30] "GET /emergency/call HTTP/1.1" 200 6423
[26/Sep/2019 13:27:31] "GET /emergency/call HTTP/1.1" 200 6423
[26/Sep/2019 13:27:32] "GET /emergency/call HTTP/1.1" 200 6423
[26/Sep/2019 13:27:33] "GET /emergency/call HTTP/1.1" 200 6423
[26/Sep/2019 13:27:34] "GET /emergency/call HTTP/1.1" 200 6423
[26/Sep/2019 13:27:35] "GET /emergency/call HTTP/1.1" 200 6423
[26/Sep/2019 13:27:35] "GET /admin/hue/emergencypos/add/ HTTP/1.1" 200 5556
[26/Sep/2019 13:27:36] "GET /admin/jsi18n/ HTTP/1.1" 200 8330
[26/Sep/2019 13:27:36] "GET /static/admin/js/prepopulate_init.js HTTP/1.1" 200 495
[26/Sep/2019 13:27:36] "GET /static/admin/js/change_form.js HTTP/1.1" 200 712
[26/Sep/2019 13:27:36] "GET /static/admin/css/forms.css HTTP/1.1" 200 8518
[26/Sep/2019 13:27:36] "GET /static/admin/css/widgets.css HTTP/1.1" 200 10340
[26/Sep/2019 13:27:36] "GET /emergency/call HTTP/1.1" 200 6423
[26/Sep/2019 13:27:37] "GET /emergency/call HTTP/1.1" 200 6423
[26/Sep/2019 13:27:38] "GET /emergency/call HTTP/1.1" 200 6423
[26/Sep/2019 13:27:39] "GET /emergency/call HTTP/1.1" 200 6423
[26/Sep/2019 13:27:40] "GET /emergency/call HTTP/1.1" 200 6423
[26/Sep/2019 13:27:41] "GET /emergency/call HTTP/1.1" 200 6423
[26/Sep/2019 13:27:41] "POST /admin/hue/emergencypos/add/ HTTP/1.1" 302 0
[26/Sep/2019 13:27:41] "GET /admin/hue/emergencypos/ HTTP/1.1" 200 18436
[26/Sep/2019 13:27:42] "GET /admin/jsi18n/ HTTP/1.1" 200 8330
[26/Sep/2019 13:27:42] "GET /static/admin/img/icon-yes.svg HTTP/1.1" 200 436
[26/Sep/2019 13:27:42] "GET /emergency/call HTTP/1.1" 200 6631
[26/Sep/2019 13:27:43] "GET /emergency/call HTTP/1.1" 200 6631
[26/Sep/2019 13:27:44] "GET /emergency/call HTTP/1.1" 200 6631
[26/Sep/2019 13:27:45] "GET /emergency/12345 HTTP/1.1" 200 16172
[26/Sep/2019 13:27:45] "GET /static/alrm.js HTTP/1.1" 200 2559
[26/Sep/2019 13:27:45] "GET /static/jquery/popper.min.js HTTP/1.1" 200 21007
[26/Sep/2019 13:27:45] "GET /static/jquery.cookie.js HTTP/1.1" 200 2741
[26/Sep/2019 13:27:45] "GET /static/bootstrap/bootstrap.min.js HTTP/1.1" 200 58078
[26/Sep/2019 13:27:45] "GET /static/jquery/jquery-3.4.1.min.js HTTP/1.1" 200 88145
[26/Sep/2019 13:27:45] "GET /static/bootstrap/bootstrap.min.css HTTP/1.1" 200 155764
[26/Sep/2019 13:27:45] "GET /emergency/call HTTP/1.1" 200 6631
[26/Sep/2019 13:27:45] "GET /emergency/call HTTP/1.1" 200 6631
[26/Sep/2019 13:27:45] "GET /static/jquery/popper.min.js.map HTTP/1.1" 404 1699
[26/Sep/2019 13:27:45] "GET /static/bootstrap/bootstrap.min.js.map HTTP/1.1" 404 1717
[26/Sep/2019 13:27:46] "GET /static/bootstrap/bootstrap.min.css.map HTTP/1.1" 404 1720
[26/Sep/2019 13:27:46] "GET /static/images/location1.png HTTP/1.1" 200 2336
[26/Sep/2019 13:27:46] "GET /static/images/map-marker1.png HTTP/1.1" 200 2381
[26/Sep/2019 13:27:47] "GET /emergency/call HTTP/1.1" 200 6631
[26/Sep/2019 13:27:48] "GET /emergency/call HTTP/1.1" 200 6631
[26/Sep/2019 13:27:48] "GET /emergency/call HTTP/1.1" 200 6631
[26/Sep/2019 13:27:48] "GET /emergency/call HTTP/1.1" 200 6631
[26/Sep/2019 13:27:48] "GET /static/images/location1.png HTTP/1.1" 200 2336
[26/Sep/2019 13:27:48] "GET /static/images/location1.png HTTP/1.1" 200 2336
[26/Sep/2019 13:27:50] "GET /emergency/call HTTP/1.1" 200 6631
[26/Sep/2019 13:27:51] "GET /emergency/call HTTP/1.1" 200 6631
[26/Sep/2019 13:27:51] "GET /emergency/call HTTP/1.1" 200 6631
[26/Sep/2019 13:27:51] "GET /emergency/call HTTP/1.1" 200 6631
[26/Sep/2019 13:27:53] "GET /emergency/call HTTP/1.1" 200 6631
[26/Sep/2019 13:27:54] "GET /emergency/call HTTP/1.1" 200 6631
[26/Sep/2019 13:27:54] "GET /emergency/call HTTP/1.1" 200 6631
[26/Sep/2019 13:27:54] "GET /emergency/call HTTP/1.1" 200 6631
[26/Sep/2019 13:27:56] "GET /emergency/call HTTP/1.1" 200 6631
[26/Sep/2019 13:27:57] "GET /emergency/call HTTP/1.1" 200 6631
[26/Sep/2019 13:27:57] "GET /emergency/call HTTP/1.1" 200 6631
[26/Sep/2019 13:27:57] "GET /emergency/call HTTP/1.1" 200 6631
[26/Sep/2019 13:27:59] "GET /emergency/call HTTP/1.1" 200 6631
[26/Sep/2019 13:28:00] "GET /emergency/call HTTP/1.1" 200 6631
[26/Sep/2019 13:28:00] "GET /emergency/call HTTP/1.1" 200 6631
[26/Sep/2019 13:28:00] "GET /emergency/call HTTP/1.1" 200 6631
[26/Sep/2019 13:28:02] "GET /emergency/call HTTP/1.1" 200 6631
[26/Sep/2019 13:28:03] "GET /emergency/call HTTP/1.1" 200 6631
[26/Sep/2019 13:28:03] "GET /emergency/call HTTP/1.1" 200 6631
[26/Sep/2019 13:28:03] "GET /emergency/call HTTP/1.1" 200 6631
[26/Sep/2019 13:28:05] "GET /emergency/call HTTP/1.1" 200 6631
[26/Sep/2019 13:28:06] "GET /emergency/call HTTP/1.1" 200 6631
[26/Sep/2019 13:28:06] "GET /emergency/call HTTP/1.1" 200 6631
[26/Sep/2019 13:28:06] "GET /emergency/call HTTP/1.1" 200 6631
[26/Sep/2019 13:28:08] "GET /emergency/call HTTP/1.1" 200 6631
[26/Sep/2019 13:28:09] "GET /emergency/call HTTP/1.1" 200 6631
[26/Sep/2019 13:28:09] "GET /emergency/call HTTP/1.1" 200 6631
[26/Sep/2019 13:28:09] "GET /emergency/call HTTP/1.1" 200 6631
[26/Sep/2019 13:28:11] "GET /emergency/call HTTP/1.1" 200 6631
[26/Sep/2019 13:28:12] "GET /emergency/call HTTP/1.1" 200 6631
[26/Sep/2019 13:28:12] "GET /emergency/call HTTP/1.1" 200 6631
[26/Sep/2019 13:28:12] "GET /emergency/call HTTP/1.1" 200 6631
[26/Sep/2019 13:28:14] "GET /emergency/call HTTP/1.1" 200 6631
[26/Sep/2019 13:28:15] "GET /emergency/call HTTP/1.1" 200 6631
[26/Sep/2019 13:28:15] "GET /emergency/call HTTP/1.1" 200 6631
[26/Sep/2019 13:28:15] "GET /emergency/call HTTP/1.1" 200 6631
[26/Sep/2019 13:28:17] "GET /emergency/call HTTP/1.1" 200 6631
[26/Sep/2019 13:28:18] "GET /emergency/call HTTP/1.1" 200 6631
[26/Sep/2019 13:28:18] "GET /emergency/call HTTP/1.1" 200 6631
[26/Sep/2019 13:28:18] "GET /emergency/call HTTP/1.1" 200 6631
[26/Sep/2019 13:28:20] "GET /emergency/call HTTP/1.1" 200 6631
[26/Sep/2019 13:28:21] "GET /emergency/call HTTP/1.1" 200 6631
[26/Sep/2019 13:28:21] "GET /emergency/call HTTP/1.1" 200 6631
[26/Sep/2019 13:28:21] "GET /emergency/call HTTP/1.1" 200 6631
[26/Sep/2019 13:28:23] "GET /emergency/call HTTP/1.1" 200 6631
[26/Sep/2019 13:28:24] "GET /emergency/call HTTP/1.1" 200 6631
[26/Sep/2019 13:28:24] "GET /emergency/call HTTP/1.1" 200 6631
[26/Sep/2019 13:28:24] "GET /emergency/call HTTP/1.1" 200 6631
[26/Sep/2019 13:28:26] "GET /emergency/call HTTP/1.1" 200 6631
[26/Sep/2019 13:28:27] "GET /emergency/call HTTP/1.1" 200 6631
[26/Sep/2019 13:28:27] "GET /emergency/call HTTP/1.1" 200 6631
[26/Sep/2019 13:28:27] "GET /emergency/call HTTP/1.1" 200 6631
[26/Sep/2019 13:28:29] "GET /emergency/call HTTP/1.1" 200 6631
[26/Sep/2019 13:28:30] "GET /emergency/call HTTP/1.1" 200 6631
[26/Sep/2019 13:28:30] "GET /emergency/call HTTP/1.1" 200 6631
[26/Sep/2019 13:28:30] "GET /emergency/call HTTP/1.1" 200 6631
[26/Sep/2019 13:28:32] "GET /emergency/call HTTP/1.1" 200 6631
[26/Sep/2019 13:28:33] "GET /emergency/call HTTP/1.1" 200 6631
[26/Sep/2019 13:28:33] "GET /emergency/call HTTP/1.1" 200 6631
[26/Sep/2019 13:28:33] "GET /emergency/call HTTP/1.1" 200 6631
[26/Sep/2019 13:28:35] "GET /emergency/call HTTP/1.1" 200 6631
[26/Sep/2019 13:28:35] "GET /navi HTTP/1.1" 301 0
[26/Sep/2019 13:28:35] "GET /navi/ HTTP/1.1" 200 46995
[26/Sep/2019 13:28:36] "GET /static/jquery/popper.min.js HTTP/1.1" 200 21007
[26/Sep/2019 13:28:36] "GET /static/jquery/jquery-3.4.1.min.js HTTP/1.1" 200 88145
[26/Sep/2019 13:28:36] "GET /static/alrm.js HTTP/1.1" 200 2559
[26/Sep/2019 13:28:36] "GET /static/bootstrap/bootstrap.min.js HTTP/1.1" 200 58078
[26/Sep/2019 13:28:36] "GET /static/bootstrap/bootstrap.min.css HTTP/1.1" 200 155764
[26/Sep/2019 13:28:36] "GET /static/jquery.cookie.js HTTP/1.1" 200 2741
[26/Sep/2019 13:28:36] "GET /static/visjs/vis-network.min.css HTTP/1.1" 200 14426
[26/Sep/2019 13:28:36] "GET /static/visjs/vis.js HTTP/1.1" 200 1905962
[26/Sep/2019 13:28:36] "GET /static/jquery/popper.min.js.map HTTP/1.1" 404 1699
[26/Sep/2019 13:28:36] "GET /static/bootstrap/bootstrap.min.js.map HTTP/1.1" 404 1717
[26/Sep/2019 13:28:36] "GET /emergency/call HTTP/1.1" 200 6631
[26/Sep/2019 13:28:36] "GET /static/bootstrap/bootstrap.min.css.map HTTP/1.1" 404 1720
[26/Sep/2019 13:28:36] "GET /emergency/call HTTP/1.1" 200 6631
[26/Sep/2019 13:28:38] "GET /emergency/call HTTP/1.1" 200 6631
[26/Sep/2019 13:28:39] "GET /emergency/call HTTP/1.1" 200 6631
[26/Sep/2019 13:28:39] "GET /emergency/call HTTP/1.1" 200 6631
[26/Sep/2019 13:28:41] "GET /emergency/call HTTP/1.1" 200 6631
[26/Sep/2019 13:28:42] "GET /emergency/call HTTP/1.1" 200 6631
[26/Sep/2019 13:28:42] "GET /emergency/call HTTP/1.1" 200 6631
[26/Sep/2019 13:28:44] "GET /emergency/call HTTP/1.1" 200 6631
[26/Sep/2019 13:28:44] "GET /admin/hue/emergencypos/add/ HTTP/1.1" 200 5556
[26/Sep/2019 13:28:44] "GET /admin/jsi18n/ HTTP/1.1" 200 8330
[26/Sep/2019 13:28:45] "GET /emergency/call HTTP/1.1" 200 6631
[26/Sep/2019 13:28:45] "GET /emergency/call HTTP/1.1" 200 6631
[26/Sep/2019 13:28:47] "GET /emergency/call HTTP/1.1" 200 6631
[26/Sep/2019 13:28:48] "GET /emergency/call HTTP/1.1" 200 6631
[26/Sep/2019 13:28:48] "GET /emergency/call HTTP/1.1" 200 6631
[26/Sep/2019 13:28:49] "POST /admin/hue/emergencypos/add/ HTTP/1.1" 302 0
[26/Sep/2019 13:28:49] "GET /admin/hue/emergencypos/ HTTP/1.1" 200 18852
[26/Sep/2019 13:28:49] "GET /admin/jsi18n/ HTTP/1.1" 200 8330
[26/Sep/2019 13:28:50] "GET /emergency/call HTTP/1.1" 200 6839
[26/Sep/2019 13:28:51] "GET /emergency/call HTTP/1.1" 200 6839
[26/Sep/2019 13:28:51] "GET /emergency/call HTTP/1.1" 200 6839
[26/Sep/2019 13:28:52] "GET /emergency/12345 HTTP/1.1" 200 16350
[26/Sep/2019 13:28:53] "GET /static/jquery/popper.min.js HTTP/1.1" 200 21007
[26/Sep/2019 13:28:53] "GET /static/jquery/jquery-3.4.1.min.js HTTP/1.1" 200 88145
[26/Sep/2019 13:28:53] "GET /static/bootstrap/bootstrap.min.js HTTP/1.1" 200 58078
[26/Sep/2019 13:28:53] "GET /static/bootstrap/bootstrap.min.css HTTP/1.1" 200 155764
[26/Sep/2019 13:28:53] "GET /static/jquery.cookie.js HTTP/1.1" 200 2741
[26/Sep/2019 13:28:53] "GET /static/alrm.js HTTP/1.1" 200 2559
[26/Sep/2019 13:28:53] "GET /emergency/call HTTP/1.1" 200 6839
[26/Sep/2019 13:28:53] "GET /static/bootstrap/bootstrap.min.js.map HTTP/1.1" 404 1717
[26/Sep/2019 13:28:53] "GET /static/jquery/popper.min.js.map HTTP/1.1" 404 1699
[26/Sep/2019 13:28:53] "GET /emergency/call HTTP/1.1" 200 6839
[26/Sep/2019 13:28:53] "GET /static/images/map-marker1.png HTTP/1.1" 200 2381
[26/Sep/2019 13:28:53] "GET /static/images/location1.png HTTP/1.1" 200 2336
[26/Sep/2019 13:28:53] "GET /static/bootstrap/bootstrap.min.css.map HTTP/1.1" 404 1720
[26/Sep/2019 13:28:54] "GET /emergency/call HTTP/1.1" 200 6839
[26/Sep/2019 13:28:56] "GET /emergency/call HTTP/1.1" 200 6839
[26/Sep/2019 13:28:56] "GET /emergency/call HTTP/1.1" 200 6839
[26/Sep/2019 13:28:56] "GET /emergency/call HTTP/1.1" 200 6839
[26/Sep/2019 13:28:56] "GET /static/images/location1.png HTTP/1.1" 200 2336
[26/Sep/2019 13:28:56] "GET /static/images/location1.png HTTP/1.1" 200 2336
[26/Sep/2019 13:28:57] "GET /emergency/call HTTP/1.1" 200 6839
[26/Sep/2019 13:28:59] "GET /emergency/call HTTP/1.1" 200 6839
[26/Sep/2019 13:28:59] "GET /emergency/call HTTP/1.1" 200 6839
[26/Sep/2019 13:28:59] "GET /emergency/call HTTP/1.1" 200 6839
[26/Sep/2019 13:29:00] "GET /emergency/call HTTP/1.1" 200 6839
[26/Sep/2019 13:29:02] "GET /emergency/call HTTP/1.1" 200 6839
[26/Sep/2019 13:29:02] "GET /emergency/call HTTP/1.1" 200 6839
[26/Sep/2019 13:29:02] "GET /emergency/call HTTP/1.1" 200 6839
[26/Sep/2019 13:29:03] "GET /emergency/call HTTP/1.1" 200 6839
[26/Sep/2019 13:29:05] "GET /emergency/call HTTP/1.1" 200 6839
[26/Sep/2019 13:29:05] "GET /emergency/call HTTP/1.1" 200 6839
[26/Sep/2019 13:29:05] "GET /emergency/call HTTP/1.1" 200 6839
[26/Sep/2019 13:29:06] "GET /emergency/call HTTP/1.1" 200 6839
[26/Sep/2019 13:29:08] "GET /emergency/call HTTP/1.1" 200 6839
[26/Sep/2019 13:29:08] "GET /emergency/call HTTP/1.1" 200 6839
[26/Sep/2019 13:29:08] "GET /emergency/call HTTP/1.1" 200 6839
[26/Sep/2019 13:29:09] "GET /emergency/call HTTP/1.1" 200 6839
[26/Sep/2019 13:29:11] "GET /emergency/call HTTP/1.1" 200 6839
[26/Sep/2019 13:29:11] "GET /emergency/call HTTP/1.1" 200 6839
[26/Sep/2019 13:29:11] "GET /emergency/call HTTP/1.1" 200 6839
[26/Sep/2019 13:29:12] "GET /emergency/call HTTP/1.1" 200 6839
[26/Sep/2019 13:29:14] "GET /emergency/call HTTP/1.1" 200 6839
[26/Sep/2019 13:29:14] "GET /emergency/call HTTP/1.1" 200 6839
[26/Sep/2019 13:29:14] "GET /emergency/call HTTP/1.1" 200 6839
[26/Sep/2019 13:29:15] "GET /emergency/call HTTP/1.1" 200 6839
[26/Sep/2019 13:29:17] "GET /emergency/call HTTP/1.1" 200 6839
[26/Sep/2019 13:29:17] "GET /emergency/call HTTP/1.1" 200 6839
[26/Sep/2019 13:29:17] "GET /emergency/call HTTP/1.1" 200 6839
[26/Sep/2019 13:29:18] "GET /emergency/call HTTP/1.1" 200 6839
[26/Sep/2019 13:29:20] "GET /emergency/call HTTP/1.1" 200 6839
[26/Sep/2019 13:29:20] "GET /emergency/call HTTP/1.1" 200 6839
[26/Sep/2019 13:29:20] "GET /emergency/call HTTP/1.1" 200 6839
[26/Sep/2019 13:29:21] "GET /emergency/call HTTP/1.1" 200 6839
[26/Sep/2019 13:29:23] "GET /emergency/call HTTP/1.1" 200 6839
[26/Sep/2019 13:29:23] "GET /emergency/call HTTP/1.1" 200 6839
[26/Sep/2019 13:29:23] "GET /emergency/call HTTP/1.1" 200 6839
[26/Sep/2019 13:29:24] "GET /emergency/call HTTP/1.1" 200 6839
[26/Sep/2019 13:29:26] "GET /emergency/call HTTP/1.1" 200 6839
[26/Sep/2019 13:29:26] "GET /emergency/call HTTP/1.1" 200 6839
[26/Sep/2019 13:29:26] "GET /emergency/call HTTP/1.1" 200 6839
[26/Sep/2019 13:29:27] "GET /emergency/call HTTP/1.1" 200 6839
[26/Sep/2019 13:29:29] "GET /emergency/call HTTP/1.1" 200 6839
[26/Sep/2019 13:29:29] "GET /emergency/call HTTP/1.1" 200 6839
[26/Sep/2019 13:29:29] "GET /emergency/call HTTP/1.1" 200 6839
[26/Sep/2019 13:29:30] "GET /emergency/call HTTP/1.1" 200 6839
[26/Sep/2019 13:29:32] "GET /emergency/call HTTP/1.1" 200 6839
[26/Sep/2019 13:29:32] "GET /emergency/call HTTP/1.1" 200 6839
[26/Sep/2019 13:29:32] "GET /emergency/call HTTP/1.1" 200 6839
[26/Sep/2019 13:29:33] "GET /emergency/call HTTP/1.1" 200 6839
[26/Sep/2019 13:29:35] "GET /emergency/call HTTP/1.1" 200 6839
[26/Sep/2019 13:29:35] "GET /emergency/call HTTP/1.1" 200 6839
[26/Sep/2019 13:29:35] "GET /emergency/call HTTP/1.1" 200 6839
[26/Sep/2019 13:29:36] "GET /emergency/call HTTP/1.1" 200 6839
[26/Sep/2019 13:29:38] "GET /emergency/call HTTP/1.1" 200 6839
[26/Sep/2019 13:29:38] "GET /emergency/call HTTP/1.1" 200 6839
[26/Sep/2019 13:29:38] "GET /emergency/call HTTP/1.1" 200 6839
[26/Sep/2019 13:29:39] "GET /emergency/call HTTP/1.1" 200 6839
[26/Sep/2019 13:29:41] "GET /emergency/call HTTP/1.1" 200 6839
[26/Sep/2019 13:29:41] "GET /emergency/call HTTP/1.1" 200 6839
[26/Sep/2019 13:29:41] "GET /emergency/call HTTP/1.1" 200 6839
[26/Sep/2019 13:29:42] "GET /emergency/call HTTP/1.1" 200 6839
[26/Sep/2019 13:29:44] "GET /emergency/call HTTP/1.1" 200 6839
[26/Sep/2019 13:29:44] "GET /emergency/call HTTP/1.1" 200 6839
[26/Sep/2019 13:29:44] "GET /emergency/call HTTP/1.1" 200 6839
[26/Sep/2019 13:29:45] "GET /emergency/call HTTP/1.1" 200 6839
[26/Sep/2019 13:29:47] "GET /emergency/call HTTP/1.1" 200 6839
[26/Sep/2019 13:29:47] "GET /emergency/call HTTP/1.1" 200 6839
[26/Sep/2019 13:29:47] "GET /emergency/call HTTP/1.1" 200 6839
[26/Sep/2019 13:29:48] "GET /emergency/call HTTP/1.1" 200 6839
